17/05/2018 2:56:11 AM	This log contains information about the import schema operation into project 'DbContext' on computer 'DESKTOP-0M1STG2' by user 'Saiem Saeed'.
17/05/2018 2:56:11 AM	Import of database schema has started.
17/05/2018 2:56:37 AM	Gathering database credentials
17/05/2018 2:56:37 AM	Gathering database options
17/05/2018 2:56:37 AM	Gathering generic database scoped configuration option
17/05/2018 2:56:37 AM	Gathering users
17/05/2018 2:56:37 AM	Gathering roles
17/05/2018 2:56:37 AM	Gathering application roles
17/05/2018 2:56:37 AM	Gathering role memberships
17/05/2018 2:56:37 AM	Gathering filegroups
17/05/2018 2:56:37 AM	Gathering full-text catalogs
17/05/2018 2:56:37 AM	Gathering assemblies
17/05/2018 2:56:37 AM	Gathering certificates
17/05/2018 2:56:37 AM	Gathering asymmetric keys
17/05/2018 2:56:37 AM	Gathering symmetric keys
17/05/2018 2:56:37 AM	Gathering encrypted symmetric keys
17/05/2018 2:56:37 AM	Gathering schemas
17/05/2018 2:56:37 AM	Gathering XML schema collections
17/05/2018 2:56:37 AM	Gathering user-defined data types
17/05/2018 2:56:37 AM	Gathering user-defined types
17/05/2018 2:56:37 AM	Gathering table types
17/05/2018 2:56:37 AM	Gathering unique keys for table types
17/05/2018 2:56:37 AM	Gathering primary keys for table types
17/05/2018 2:56:37 AM	Gathering indexes for table types
17/05/2018 2:56:37 AM	Gathering check constraints for table types
17/05/2018 2:56:37 AM	Gathering default constraints for table types
17/05/2018 2:56:37 AM	Gathering partition functions
17/05/2018 2:56:37 AM	Gathering partition schemes
17/05/2018 2:56:37 AM	Gathering functions
17/05/2018 2:56:37 AM	Gathering encrypted functions
17/05/2018 2:56:37 AM	Gathering aggregates
17/05/2018 2:56:37 AM	Gathering procedures
17/05/2018 2:56:37 AM	Gathering encrypted procedures
17/05/2018 2:56:37 AM	Gathering tables
17/05/2018 2:56:37 AM	Gathering primary keys
17/05/2018 2:56:38 AM	Gathering unique constraints
17/05/2018 2:56:38 AM	Gathering foreign keys
17/05/2018 2:56:38 AM	Gathering default constraints
17/05/2018 2:56:38 AM	Gathering check constraints
17/05/2018 2:56:38 AM	Gathering views
17/05/2018 2:56:38 AM	Gathering encrypted views
17/05/2018 2:56:38 AM	Gathering indexes
17/05/2018 2:56:38 AM	Gathering statistics
17/05/2018 2:56:38 AM	Gathering full-text index stoplists
17/05/2018 2:56:38 AM	Gathering search property lists
17/05/2018 2:56:38 AM	Gathering search properties
17/05/2018 2:56:38 AM	Gathering full-text indexes
17/05/2018 2:56:38 AM	Gathering column store indexes
17/05/2018 2:56:38 AM	Gathering spatial indexes
17/05/2018 2:56:38 AM	Gathering XML indexes
17/05/2018 2:56:38 AM	Gathering Selective XML indexes
17/05/2018 2:56:38 AM	Gathering encrypted triggers
17/05/2018 2:56:38 AM	Gathering triggers
17/05/2018 2:56:38 AM	Gathering encrypted and clr ddl triggers
17/05/2018 2:56:38 AM	Gathering ddl triggers
17/05/2018 2:56:38 AM	Gathering synonyms
17/05/2018 2:56:38 AM	Gathering defaults
17/05/2018 2:56:38 AM	Gathering data constraint uddt bindings
17/05/2018 2:56:38 AM	Gathering rules
17/05/2018 2:56:38 AM	Gathering data constraint uddt bindings
17/05/2018 2:56:38 AM	Gathering message types
17/05/2018 2:56:38 AM	Gathering queues
17/05/2018 2:56:38 AM	Gathering contracts
17/05/2018 2:56:38 AM	Gathering services
17/05/2018 2:56:38 AM	Gathering event notifications
17/05/2018 2:56:38 AM	Gathering remote service bindings
17/05/2018 2:56:38 AM	Gathering broker priorities
17/05/2018 2:56:38 AM	Gathering signatures
17/05/2018 2:56:38 AM	Gathering data compression options
17/05/2018 2:56:38 AM	Gathering sequence types
17/05/2018 2:56:38 AM	Gathering security policies
17/05/2018 2:56:38 AM	Gather column encryption keys
17/05/2018 2:56:38 AM	Gathering column master keys
17/05/2018 2:56:38 AM	Gathering external data sources
17/05/2018 2:56:38 AM	Gathering external file formats
17/05/2018 2:56:38 AM	Gathering external tables
17/05/2018 2:56:38 AM	Gathering extended properties
17/05/2018 2:56:46 AM	Gathering credentials
17/05/2018 2:56:46 AM	Gathering logins
17/05/2018 2:56:46 AM	Gathering server audits
17/05/2018 2:56:49 AM	Scanning project for duplicate elements
17/05/2018 2:56:49 AM	Finished duplicate element processing
17/05/2018 2:56:49 AM	Finished importing database.
17/05/2018 2:56:49 AM	A summary of the import was saved to the following location: C:\Users\Saiem Saeed\Desktop\TMS\DbContext\Import Schema Logs\DbContext_20180516095611.log
17/05/2018 2:56:49 AM	Click Finish to continue...
